<?xml version="1.0" encoding="UTF-8"?>
<testsuite name="demolition.world.map.TileTest" tests="1" skipped="0" failures="0" errors="0" timestamp="2021-11-23T19:32:07" hostname="Mayanks-MacBook-Pro.local" time="0.008">
  <properties/>
  <testcase name="brokenTileTest()" classname="demolition.world.map.TileTest" time="0.008"/>
  <system-out><![CDATA[]]></system-out>
  <system-err><![CDATA[]]></system-err>
</testsuite>
